<?xml version="1.0"?>
<!DOCTYPE coverage SYSTEM "http://cobertura.sourceforge.net/xml/coverage-04.dtd">
<coverage 
line-rate="0.50" lines-valid="4" lines-covered="2" branches-valid="0" branches-covered="0" branch-rate="1.00" complexity="0" version="1.0" timestamp="1506360303026">
    <sources>
        <source>--source</source>
        <source>/Users/celeal/ScalaProofOfConcept/src/main/scala</source>
    </sources>
    <packages>
        <package name="math_operations" line-rate="0.50" branch-rate="1.00" complexity="0">
            <classes>
                <class 
                name="math_operations.Sum" filename="math_operations/Sum.scala" line-rate="0.50" branch-rate="1.00" complexity="0">
                    <methods>
                        <method name="math_operations/Sum/subtraction" signature="()V" line-rate="0.00" branch-rate="0.00" complexity="0">
                            <lines>
                                <line number="13" hits="0" branch="false"/>
                                <line number="12" hits="0" branch="false"/>
                            </lines>
                        </method>
                        <method name="math_operations/Sum/sum" signature="()V" line-rate="1.00" branch-rate="1.00" complexity="0">
                            <lines>
                                <line number="7" hits="1" branch="false"/>
                                <line number="6" hits="1" branch="false"/>
                            </lines>
                        </method>
                    </methods>
                    <lines>
                        <line number="7" hits="1" branch="false"/>
                        <line number="13" hits="0" branch="false"/>
                        <line number="6" hits="1" branch="false"/>
                        <line number="12" hits="0" branch="false"/>
                    </lines>
</class>
            </classes>
        </package>
    </packages>
</coverage>
